<?xml version="1.0" encoding="UTF-8"?>
<testng-results skipped="0" failed="0" total="1" passed="1">
  <reporter-output>
  </reporter-output>
  <suite name="Default suite" duration-ms="3251" started-at="2018-02-16T01:05:48Z" finished-at="2018-02-16T01:05:51Z">
    <groups>
    </groups>
    <test name="Default test" duration-ms="3251" started-at="2018-02-16T01:05:48Z" finished-at="2018-02-16T01:05:51Z">
      <class name="com.cs.test.tests.SampleTestCase">
        <test-method status="PASS" signature="setup()[pri:0, instance:com.cs.test.tests.SampleTestCase@429bffaa]" name="setup" is-config="true" duration-ms="2064" started-at="2018-02-15T20:05:48Z" finished-at="2018-02-15T20:05:50Z">
          <reporter-output>
          </reporter-output>
        </test-method> <!-- setup -->
        <test-method status="PASS" signature="testOne()[pri:0, instance:com.cs.test.tests.SampleTestCase@429bffaa]" name="testOne" duration-ms="1077" started-at="2018-02-15T20:05:50Z" finished-at="2018-02-15T20:05:51Z">
          <reporter-output>
          </reporter-output>
        </test-method> <!-- testOne -->
        <test-method status="PASS" signature="tearDown()[pri:0, instance:com.cs.test.tests.SampleTestCase@429bffaa]" name="tearDown" is-config="true" duration-ms="77" started-at="2018-02-15T20:05:51Z" finished-at="2018-02-15T20:05:51Z">
          <reporter-output>
          </reporter-output>
        </test-method> <!-- tearDown -->
      </class> <!-- com.cs.test.tests.SampleTestCase -->
    </test> <!-- Default test -->
  </suite> <!-- Default suite -->
</testng-results>
